<?xml version="1.0" encoding="UTF-8"?>
<!-- Generated by org.testng.reporters.JUnitReportReporter -->
<testsuite skipped="0" hostname="Think_Different" name="testcases.AddCustomerTest" tests="3" failures="0" timestamp="2022-03-31T17:43:04 IST" time="1.833" errors="0">
  <testcase name="addCustomer" time="0.540" classname="testcases.AddCustomerTest"/>
  <system-out/>
  <testcase name="addCustomer" time="0.538" classname="testcases.AddCustomerTest"/>
  <system-out/>
  <testcase name="addCustomer" time="0.755" classname="testcases.AddCustomerTest"/>
  <system-out/>
</testsuite> <!-- testcases.AddCustomerTest -->
