<?xml version="1.0" encoding="UTF-8"?>
<!-- Generated by org.testng.reporters.JUnitReportReporter -->
<testsuite skipped="0" hostname="Think_Different" name="testcases.BankManagerLoginTest" tests="1" failures="0" timestamp="2022-03-31T17:43:04 IST" time="1.604" errors="0">
  <testcase name="loginAsBankManager" time="1.604" classname="testcases.BankManagerLoginTest"/>
  <system-out/>
</testsuite> <!-- testcases.BankManagerLoginTest -->
