<?xml version="1.0" encoding="UTF-8"?>
<!-- Generated by org.testng.reporters.JUnitReportReporter -->
<testsuite skipped="0" hostname="Think_Different" name="testcases.OpenAccountTest" tests="1" failures="0" timestamp="2022-03-31T17:43:04 IST" time="0.540" errors="0">
  <testcase name="openAccount" time="0.540" classname="testcases.OpenAccountTest"/>
  <system-out/>
</testsuite> <!-- testcases.OpenAccountTest -->
